<?xml version="1.0" encoding="UTF-8"?>
<testsuite xmlns:xsi="http://www.w3.org/2001/XMLSchema-instance" xsi:noNamespaceSchemaLocation="https://maven.apache.org/surefire/maven-surefire-plugin/xsd/surefire-test-report-3.0.xsd" version="3.0" name="com.springboot.blog.service.impl.PostServiceImplTest" time="0.03" tests="7" errors="0" skipped="0" failures="0">
  <properties>
[...]
</properties>
  <testcase name="whenPostDtoThenCreateNewPost" classname="com.springboot.blog.service.impl.PostServiceImplTest" time="0.006"/>
  <testcase name="getPostById" classname="com.springboot.blog.service.impl.PostServiceImplTest" time="0.002"/>
  <testcase name="deletePostById" classname="com.springboot.blog.service.impl.PostServiceImplTest" time="0.002"/>
  <testcase name="getPostsByCategory" classname="com.springboot.blog.service.impl.PostServiceImplTest" time="0.001"/>
  <testcase name="getAllPosts" classname="com.springboot.blog.service.impl.PostServiceImplTest" time="0.008"/>
  <testcase name="updatePost" classname="com.springboot.blog.service.impl.PostServiceImplTest" time="0.004"/>
  <testcase name="whenCategoryIdNotFoundThenThrowException" classname="com.springboot.blog.service.impl.PostServiceImplTest" time="0.003"/>
</testsuite>