<?xml version="1.0" encoding="UTF-8"?>
<testsuite xmlns:xsi="http://www.w3.org/2001/XMLSchema-instance" xsi:noNamespaceSchemaLocation="https://maven.apache.org/surefire/maven-surefire-plugin/xsd/surefire-test-report-3.0.xsd" version="3.0" name="com.springboot.blog.controller.PostControllerTest" time="0.611" tests="11" errors="0" skipped="0" failures="1">
  <properties>
[...]
</properties>
  <testcase name="whenCategoryIdIsWrongAndAuth_thenReturnHttp400" classname="com.springboot.blog.controller.PostControllerTest" time="0.015">
    <system-out><![CDATA[2024-02-04T18:22:47.280+01:00  INFO 16160 --- [           main] t.c.s.AnnotationConfigContextLoaderUtils : Could not detect default configuration classes for test class [com.springboot.blog.controller.PostControllerTest]: PostControllerTest does not declare any static, non-private, non-final, nested classes annotated with @Configuration.
2024-02-04T18:22:47.295+01:00  INFO 16160 --- [           main] .b.t.c.SpringBootTestContextBootstrapper : Found @SpringBootConfiguration com.springboot.blog.SpringbootBlogRestApiApplication for test class com.springboot.blog.controller.PostControllerTest
2024-02-04T18:22:47.301+01:00  INFO 16160 --- [           main] o.s.b.d.r.RestartApplicationListener     : Restart disabled due to context in which it is running

  .   ____          _            __ _ _
 /\\ / ___'_ __ _ _(_)_ __  __ _ \ \ \ \
( ( )\___ | '_ | '_| | '_ \/ _` | \ \ \ \
 \\/  ___)| |_)| | | | | || (_| |  ) ) ) )
  '  |____| .__|_| |_|_| |_\__, | / / / /
 =========|_|==============|___/=/_/_/_/
 :: Spring Boot ::                (v3.2.1)

2024-02-04T18:22:47.336+01:00  INFO 16160 --- [           main] c.s.blog.controller.PostControllerTest   : Starting PostControllerTest using Java 17.0.4.1 with PID 16160 (started by milla in D:\2ºDAM\AD-PSP\project-springboot-blog-rest-api-test)
2024-02-04T18:22:47.336+01:00  INFO 16160 --- [           main] c.s.blog.controller.PostControllerTest   : The following 1 profile is active: "postgres"
2024-02-04T18:22:47.675+01:00  WARN 16160 --- [           main] .s.s.UserDetailsServiceAutoConfiguration : 

Using generated security password: 7e42d6ea-0689-4439-91e8-e75dcf7cfa6d

This generated password is for development use only. Your security configuration must be updated before running your application in production.

2024-02-04T18:22:47.783+01:00  INFO 16160 --- [           main] o.s.s.web.DefaultSecurityFilterChain     : Will secure any request with [org.springframework.security.web.session.DisableEncodeUrlFilter@1c512bb, org.springframework.security.web.context.request.async.WebAsyncManagerIntegrationFilter@4d142b53, org.springframework.security.web.context.SecurityContextHolderFilter@ecb8b3e, org.springframework.security.web.header.HeaderWriterFilter@68c47cf9, org.springframework.web.filter.CorsFilter@3bac86a3, org.springframework.security.web.csrf.CsrfFilter@50841932, org.springframework.security.web.authentication.logout.LogoutFilter@17a5ae7b, org.springframework.security.web.authentication.UsernamePasswordAuthenticationFilter@2b9bbaa8, org.springframework.security.web.authentication.ui.DefaultLoginPageGeneratingFilter@92de794, org.springframework.security.web.authentication.ui.DefaultLogoutPageGeneratingFilter@128ca7af, org.springframework.security.web.authentication.www.BasicAuthenticationFilter@11771fd6, org.springframework.security.web.savedrequest.RequestCacheAwareFilter@7e764e5c, org.springframework.security.web.servletapi.SecurityContextHolderAwareRequestFilter@42457891, org.springframework.security.web.authentication.AnonymousAuthenticationFilter@3bf52f8f, org.springframework.security.web.access.ExceptionTranslationFilter@68fa8ea5, org.springframework.security.web.access.intercept.AuthorizationFilter@183a84f4]
2024-02-04T18:22:47.791+01:00  INFO 16160 --- [           main] o.s.b.t.m.w.SpringBootMockServletContext : Initializing Spring TestDispatcherServlet ''
2024-02-04T18:22:47.791+01:00  INFO 16160 --- [           main] o.s.t.web.servlet.TestDispatcherServlet  : Initializing Servlet ''
2024-02-04T18:22:47.792+01:00  INFO 16160 --- [           main] o.s.t.web.servlet.TestDispatcherServlet  : Completed initialization in 0 ms
2024-02-04T18:22:47.798+01:00  INFO 16160 --- [           main] c.s.blog.controller.PostControllerTest   : Started PostControllerTest in 0.497 seconds (process running for 8.2)
]]></system-out>
  </testcase>
  <testcase name="whenPostIdExistsAndUserRole_thenReturnHttp403" classname="com.springboot.blog.controller.PostControllerTest" time="0.008">
    <failure message="Status expected:&lt;403&gt; but was:&lt;200&gt;" type="java.lang.AssertionError"><![CDATA[java.lang.AssertionError: Status expected:<403> but was:<200>
	at org.springframework.test.util.AssertionErrors.fail(AssertionErrors.java:59)
	at org.springframework.test.util.AssertionErrors.assertEquals(AssertionErrors.java:122)
	at org.springframework.test.web.servlet.result.StatusResultMatchers.lambda$matcher$9(StatusResultMatchers.java:637)
	at org.springframework.test.web.servlet.MockMvc$1.andExpect(MockMvc.java:214)
	at com.springboot.blog.controller.PostControllerTest.whenPostIdExistsAndUserRole_thenReturnHttp403(PostControllerTest.java:102)
	at java.base/java.lang.reflect.Method.invoke(Method.java:568)
	at java.base/java.util.ArrayList.forEach(ArrayList.java:1511)
	at java.base/java.util.ArrayList.forEach(ArrayList.java:1511)
]]></failure>
    <system-out><![CDATA[
MockHttpServletRequest:
      HTTP Method = DELETE
      Request URI = /api/posts/1
       Parameters = {_csrf=[tYgNQHivV9PgFV0izNR3N3Xtko3aTdTEL8Q4vO9djU4kAmBbhrA8I0ufYuTNczsTrflDURTfv7Tpf7DpHfcI3905untFN1Jo]}
          Headers = []
             Body = null
    Session Attrs = {SPRING_SECURITY_CONTEXT=SecurityContextImpl [Authentication=UsernamePasswordAuthenticationToken [Principal=org.springframework.security.core.userdetails.User [Username=user, Password=[PROTECTED], Enabled=true, AccountNonExpired=true, CredentialsNonExpired=true, AccountNonLocked=true, Granted Authorities=[USER]], Credentials=[PROTECTED], Authenticated=true, Details=null, Granted Authorities=[USER]]]}

Handler:
             Type = com.springboot.blog.controller.PostController
           Method = com.springboot.blog.controller.PostController#deletePost(long)

Async:
    Async started = false
     Async result = null

Resolved Exception:
             Type = null

ModelAndView:
        View name = null
             View = null
            Model = null

FlashMap:
       Attributes = null

MockHttpServletResponse:
           Status = 200
    Error message = null
          Headers = [Vary:"Origin", "Access-Control-Request-Method", "Access-Control-Request-Headers", Content-Type:"text/plain;charset=UTF-8", Content-Length:"33", X-Content-Type-Options:"nosniff", X-XSS-Protection:"0", Cache-Control:"no-cache, no-store, max-age=0, must-revalidate", Pragma:"no-cache", Expires:"0", X-Frame-Options:"DENY"]
     Content type = text/plain;charset=UTF-8
             Body = Post entity deleted successfully.
    Forwarded URL = null
   Redirected URL = null
          Cookies = []
]]></system-out>
  </testcase>
  <testcase name="getPostById" classname="com.springboot.blog.controller.PostControllerTest" time="0.002"/>
  <testcase name="whenCategoryIdExistsAndAuth_thenReturnHttp200" classname="com.springboot.blog.controller.PostControllerTest" time="0.009"/>
  <testcase name="whenPostIdIsWrongAndAdminRole_thenReturnHttp400" classname="com.springboot.blog.controller.PostControllerTest" time="0.007"/>
  <testcase name="getAllPosts" classname="com.springboot.blog.controller.PostControllerTest" time="0.003"/>
  <testcase name="updatePost" classname="com.springboot.blog.controller.PostControllerTest" time="0.006"/>
  <testcase name="whenPostIdExistAndNotAuth_thenReturnHttp401" classname="com.springboot.blog.controller.PostControllerTest" time="0.004"/>
  <testcase name="whenPostIdExistAndAdminRole_thenReturnHttp200" classname="com.springboot.blog.controller.PostControllerTest" time="0.009"/>
  <testcase name="whenCategoryIdExistsAndNotAuth_thenReturnHttp401" classname="com.springboot.blog.controller.PostControllerTest" time="0.004"/>
  <testcase name="createPost" classname="com.springboot.blog.controller.PostControllerTest" time="0.003"/>
</testsuite>