<?xml version="1.0" encoding="UTF-8"?>
<testsuite xmlns:xsi="http://www.w3.org/2001/XMLSchema-instance" xsi:noNamespaceSchemaLocation="https://maven.apache.org/surefire/maven-surefire-plugin/xsd/surefire-test-report-3.0.xsd" version="3.0" name="com.springboot.blog.repository.CommentRepositoryTest" time="5.118" tests="1" errors="0" skipped="0" failures="0">
  <properties>
[...]
</properties>
  <testcase name="whenPostIdIsPresent_thenCommentListIsPresent" classname="com.springboot.blog.repository.CommentRepositoryTest" time="0.114">
    <system-out><![CDATA[2024-02-07T17:47:45.933+01:00  INFO 25672 --- [           main] t.c.s.AnnotationConfigContextLoaderUtils : Could not detect default configuration classes for test class [com.springboot.blog.repository.CommentRepositoryTest]: CommentRepositoryTest does not declare any static, non-private, non-final, nested classes annotated with @Configuration.
2024-02-07T17:47:46.031+01:00  INFO 25672 --- [           main] o.t.utility.ImageNameSubstitutor         : Image name substitution will be performed by: DefaultImageNameSubstitutor (composite of 'ConfigurationFileImageNameSubstitutor' and 'PrefixingImageNameSubstitutor')
2024-02-07T17:47:46.411+01:00  INFO 25672 --- [           main] o.t.d.DockerClientProviderStrategy       : Loaded org.testcontainers.dockerclient.NpipeSocketClientProviderStrategy from ~/.testcontainers.properties, will try it first
2024-02-07T17:47:46.797+01:00  INFO 25672 --- [           main] o.t.d.DockerClientProviderStrategy       : Found Docker environment with local Npipe socket (npipe:////./pipe/docker_engine)
2024-02-07T17:47:46.799+01:00  INFO 25672 --- [           main] org.testcontainers.DockerClientFactory   : Docker host IP address is localhost
2024-02-07T17:47:46.821+01:00  INFO 25672 --- [           main] org.testcontainers.DockerClientFactory   : Connected to docker: 
  Server Version: 24.0.6
  API Version: 1.43
  Operating System: Docker Desktop
  Total Memory: 6880 MB
2024-02-07T17:47:46.857+01:00  INFO 25672 --- [           main] tc.testcontainers/ryuk:0.4.0             : Creating container for image: testcontainers/ryuk:0.4.0
2024-02-07T17:47:47.179+01:00  INFO 25672 --- [           main] o.t.utility.RegistryAuthLocator          : Credential helper/store (docker-credential-desktop) does not have credentials for https://index.docker.io/v1/
2024-02-07T17:47:47.314+01:00  INFO 25672 --- [           main] tc.testcontainers/ryuk:0.4.0             : Container testcontainers/ryuk:0.4.0 is starting: c9160986dfe6ca2d70c73d77331b7586ea581926ab2a7d154e8a3f5f20bb11d1
2024-02-07T17:47:47.956+01:00  INFO 25672 --- [           main] tc.testcontainers/ryuk:0.4.0             : Container testcontainers/ryuk:0.4.0 started in PT1.1202611S
2024-02-07T17:47:47.964+01:00  INFO 25672 --- [           main] o.t.utility.RyukResourceReaper           : Ryuk started - will monitor and terminate Testcontainers containers on JVM exit
2024-02-07T17:47:47.964+01:00  INFO 25672 --- [           main] org.testcontainers.DockerClientFactory   : Checking the system...
2024-02-07T17:47:47.965+01:00  INFO 25672 --- [           main] org.testcontainers.DockerClientFactory   : ?? Docker server version should be at least 1.6.0
2024-02-07T17:47:47.980+01:00  INFO 25672 --- [           main] .b.t.c.SpringBootTestContextBootstrapper : Found @SpringBootConfiguration com.springboot.blog.SpringbootBlogRestApiApplication for test class com.springboot.blog.repository.CommentRepositoryTest
2024-02-07T17:47:47.986+01:00  INFO 25672 --- [           main] tc.postgres:16-alpine                    : Creating container for image: postgres:16-alpine
2024-02-07T17:47:48.036+01:00  INFO 25672 --- [           main] tc.postgres:16-alpine                    : Container postgres:16-alpine is starting: 620071f0530ad473ae25d4d6f00524b79f919b1f204405f313ac6869c3efce90
2024-02-07T17:47:49.796+01:00  INFO 25672 --- [           main] tc.postgres:16-alpine                    : Container postgres:16-alpine started in PT1.8097956S
2024-02-07T17:47:49.796+01:00  INFO 25672 --- [           main] tc.postgres:16-alpine                    : Container is started (JDBC URL: jdbc:postgresql://localhost:57850/testDatabase?loggerLevel=OFF)
2024-02-07T17:47:49.806+01:00  INFO 25672 --- [           main] o.s.b.d.r.RestartApplicationListener     : Restart disabled due to context in which it is running

  .   ____          _            __ _ _
 /\\ / ___'_ __ _ _(_)_ __  __ _ \ \ \ \
( ( )\___ | '_ | '_| | '_ \/ _` | \ \ \ \
 \\/  ___)| |_)| | | | | || (_| |  ) ) ) )
  '  |____| .__|_| |_|_| |_\__, | / / / /
 =========|_|==============|___/=/_/_/_/
 :: Spring Boot ::                (v3.2.1)

2024-02-07T17:47:49.833+01:00  INFO 25672 --- [           main] c.s.b.repository.CommentRepositoryTest   : Starting CommentRepositoryTest using Java 17.0.4.1 with PID 25672 (started by pulid in C:\Users\pulid\OneDrive\Escritorio\project-springboot-blog-rest-api-test)
2024-02-07T17:47:49.834+01:00  INFO 25672 --- [           main] c.s.b.repository.CommentRepositoryTest   : The following 1 profile is active: "test"
2024-02-07T17:47:49.912+01:00  INFO 25672 --- [           main] .s.d.r.c.RepositoryConfigurationDelegate : Bootstrapping Spring Data JPA repositories in DEFAULT mode.
2024-02-07T17:47:49.931+01:00  INFO 25672 --- [           main] .s.d.r.c.RepositoryConfigurationDelegate : Finished Spring Data repository scanning in 17 ms. Found 5 JPA repository interfaces.
2024-02-07T17:47:49.974+01:00  INFO 25672 --- [           main] o.hibernate.jpa.internal.util.LogHelper  : HHH000204: Processing PersistenceUnitInfo [name: default]
2024-02-07T17:47:49.978+01:00  INFO 25672 --- [           main] o.h.c.internal.RegionFactoryInitiator    : HHH000026: Second-level cache disabled
2024-02-07T17:47:49.983+01:00  INFO 25672 --- [           main] o.s.o.j.p.SpringPersistenceUnitInfo      : No LoadTimeWeaver setup: ignoring JPA class transformer
2024-02-07T17:47:49.984+01:00  INFO 25672 --- [           main] com.zaxxer.hikari.HikariDataSource       : HikariPool-6 - Starting...
2024-02-07T17:47:50.012+01:00  INFO 25672 --- [           main] com.zaxxer.hikari.pool.HikariPool        : HikariPool-6 - Added connection org.postgresql.jdbc.PgConnection@13a7aec7
2024-02-07T17:47:50.012+01:00  INFO 25672 --- [           main] com.zaxxer.hikari.HikariDataSource       : HikariPool-6 - Start completed.
2024-02-07T17:47:50.209+01:00  INFO 25672 --- [           main] o.h.e.t.j.p.i.JtaPlatformInitiator       : HHH000489: No JTA platform available (set 'hibernate.transaction.jta.platform' to enable JTA platform integration)
Hibernate: alter table if exists comments drop constraint if exists FKh4c7lvsc298whoyd4w9ta25cr
2024-02-07T17:47:50.212+01:00  WARN 25672 --- [           main] o.h.engine.jdbc.spi.SqlExceptionHelper   : SQL Warning Code: 0, SQLState: 00000
2024-02-07T17:47:50.213+01:00  WARN 25672 --- [           main] o.h.engine.jdbc.spi.SqlExceptionHelper   : relation "comments" does not exist, skipping
Hibernate: alter table if exists posts drop constraint if exists FKijnwr3brs8vaosl80jg9rp7uc
2024-02-07T17:47:50.214+01:00  WARN 25672 --- [           main] o.h.engine.jdbc.spi.SqlExceptionHelper   : SQL Warning Code: 0, SQLState: 00000
2024-02-07T17:47:50.214+01:00  WARN 25672 --- [           main] o.h.engine.jdbc.spi.SqlExceptionHelper   : relation "posts" does not exist, skipping
Hibernate: alter table if exists users_roles drop constraint if exists FKj6m8fwv7oqv74fcehir1a9ffy
2024-02-07T17:47:50.217+01:00  WARN 25672 --- [           main] o.h.engine.jdbc.spi.SqlExceptionHelper   : SQL Warning Code: 0, SQLState: 00000
2024-02-07T17:47:50.217+01:00  WARN 25672 --- [           main] o.h.engine.jdbc.spi.SqlExceptionHelper   : relation "users_roles" does not exist, skipping
Hibernate: alter table if exists users_roles drop constraint if exists FK2o0jvgh89lemvvo17cbqvdxaa
2024-02-07T17:47:50.218+01:00  WARN 25672 --- [           main] o.h.engine.jdbc.spi.SqlExceptionHelper   : SQL Warning Code: 0, SQLState: 00000
2024-02-07T17:47:50.218+01:00  WARN 25672 --- [           main] o.h.engine.jdbc.spi.SqlExceptionHelper   : relation "users_roles" does not exist, skipping
Hibernate: drop table if exists categories cascade
2024-02-07T17:47:50.221+01:00  WARN 25672 --- [           main] o.h.engine.jdbc.spi.SqlExceptionHelper   : SQL Warning Code: 0, SQLState: 00000
2024-02-07T17:47:50.221+01:00  WARN 25672 --- [           main] o.h.engine.jdbc.spi.SqlExceptionHelper   : table "categories" does not exist, skipping
Hibernate: drop table if exists comments cascade
2024-02-07T17:47:50.222+01:00  WARN 25672 --- [           main] o.h.engine.jdbc.spi.SqlExceptionHelper   : SQL Warning Code: 0, SQLState: 00000
2024-02-07T17:47:50.222+01:00  WARN 25672 --- [           main] o.h.engine.jdbc.spi.SqlExceptionHelper   : table "comments" does not exist, skipping
Hibernate: drop table if exists posts cascade
2024-02-07T17:47:50.224+01:00  WARN 25672 --- [           main] o.h.engine.jdbc.spi.SqlExceptionHelper   : SQL Warning Code: 0, SQLState: 00000
2024-02-07T17:47:50.225+01:00  WARN 25672 --- [           main] o.h.engine.jdbc.spi.SqlExceptionHelper   : table "posts" does not exist, skipping
Hibernate: drop table if exists roles cascade
2024-02-07T17:47:50.226+01:00  WARN 25672 --- [           main] o.h.engine.jdbc.spi.SqlExceptionHelper   : SQL Warning Code: 0, SQLState: 00000
2024-02-07T17:47:50.227+01:00  WARN 25672 --- [           main] o.h.engine.jdbc.spi.SqlExceptionHelper   : table "roles" does not exist, skipping
Hibernate: drop table if exists users cascade
2024-02-07T17:47:50.229+01:00  WARN 25672 --- [           main] o.h.engine.jdbc.spi.SqlExceptionHelper   : SQL Warning Code: 0, SQLState: 00000
2024-02-07T17:47:50.229+01:00  WARN 25672 --- [           main] o.h.engine.jdbc.spi.SqlExceptionHelper   : table "users" does not exist, skipping
Hibernate: drop table if exists users_roles cascade
2024-02-07T17:47:50.233+01:00  WARN 25672 --- [           main] o.h.engine.jdbc.spi.SqlExceptionHelper   : SQL Warning Code: 0, SQLState: 00000
2024-02-07T17:47:50.233+01:00  WARN 25672 --- [           main] o.h.engine.jdbc.spi.SqlExceptionHelper   : table "users_roles" does not exist, skipping
Hibernate: drop sequence if exists categories_id_seq
2024-02-07T17:47:50.239+01:00  WARN 25672 --- [           main] o.h.engine.jdbc.spi.SqlExceptionHelper   : SQL Warning Code: 0, SQLState: 00000
2024-02-07T17:47:50.239+01:00  WARN 25672 --- [           main] o.h.engine.jdbc.spi.SqlExceptionHelper   : sequence "categories_id_seq" does not exist, skipping
Hibernate: drop sequence if exists comments_id_seq
2024-02-07T17:47:50.241+01:00  WARN 25672 --- [           main] o.h.engine.jdbc.spi.SqlExceptionHelper   : SQL Warning Code: 0, SQLState: 00000
2024-02-07T17:47:50.241+01:00  WARN 25672 --- [           main] o.h.engine.jdbc.spi.SqlExceptionHelper   : sequence "comments_id_seq" does not exist, skipping
Hibernate: drop sequence if exists posts_id_seq
2024-02-07T17:47:50.244+01:00  WARN 25672 --- [           main] o.h.engine.jdbc.spi.SqlExceptionHelper   : SQL Warning Code: 0, SQLState: 00000
2024-02-07T17:47:50.244+01:00  WARN 25672 --- [           main] o.h.engine.jdbc.spi.SqlExceptionHelper   : sequence "posts_id_seq" does not exist, skipping
Hibernate: drop sequence if exists roles_id_seq
2024-02-07T17:47:50.254+01:00  WARN 25672 --- [           main] o.h.engine.jdbc.spi.SqlExceptionHelper   : SQL Warning Code: 0, SQLState: 00000
2024-02-07T17:47:50.255+01:00  WARN 25672 --- [           main] o.h.engine.jdbc.spi.SqlExceptionHelper   : sequence "roles_id_seq" does not exist, skipping
Hibernate: drop sequence if exists users_id_seq
2024-02-07T17:47:50.260+01:00  WARN 25672 --- [           main] o.h.engine.jdbc.spi.SqlExceptionHelper   : SQL Warning Code: 0, SQLState: 00000
2024-02-07T17:47:50.260+01:00  WARN 25672 --- [           main] o.h.engine.jdbc.spi.SqlExceptionHelper   : sequence "users_id_seq" does not exist, skipping
Hibernate: create sequence categories_id_seq start with 1 increment by 1
Hibernate: create sequence comments_id_seq start with 1 increment by 1
Hibernate: create sequence posts_id_seq start with 1 increment by 1
Hibernate: create sequence roles_id_seq start with 1 increment by 1
Hibernate: create sequence users_id_seq start with 1 increment by 1
Hibernate: create table categories (id bigint not null, description varchar(255), name varchar(255), primary key (id))
Hibernate: create table comments (id bigint not null, post_id bigint not null, body varchar(255), email varchar(255), name varchar(255), primary key (id))
Hibernate: create table posts (category_id bigint, id bigint not null, content varchar(255) not null, description varchar(255) not null, title varchar(255) not null, primary key (id), unique (title))
Hibernate: create table roles (id smallint not null, name varchar(255), primary key (id))
Hibernate: create table users (id bigint not null, email varchar(255) not null unique, name varchar(255), password varchar(255) not null, username varchar(255) not null unique, primary key (id))
Hibernate: create table users_roles (role_id smallint not null, user_id bigint not null, primary key (role_id, user_id))
Hibernate: alter table if exists comments add constraint FKh4c7lvsc298whoyd4w9ta25cr foreign key (post_id) references posts
Hibernate: alter table if exists posts add constraint FKijnwr3brs8vaosl80jg9rp7uc foreign key (category_id) references categories
Hibernate: alter table if exists users_roles add constraint FKj6m8fwv7oqv74fcehir1a9ffy foreign key (role_id) references roles
Hibernate: alter table if exists users_roles add constraint FK2o0jvgh89lemvvo17cbqvdxaa foreign key (user_id) references users
2024-02-07T17:47:50.348+01:00  INFO 25672 --- [           main] j.LocalContainerEntityManagerFactoryBean : Initialized JPA EntityManagerFactory for persistence unit 'default'
2024-02-07T17:47:50.512+01:00  INFO 25672 --- [           main] c.s.b.repository.CommentRepositoryTest   : Started CommentRepositoryTest in 0.706 seconds (process running for 54.312)
2024-02-07T17:47:50.522+01:00 DEBUG 25672 --- [           main] .s.t.c.j.SqlScriptsTestExecutionListener : Processing merged @SqlConfig attributes for execution phase [BEFORE_TEST_METHOD] and test class [com.springboot.blog.repository.CommentRepositoryTest]
2024-02-07T17:47:50.522+01:00 DEBUG 25672 --- [           main] .s.t.c.j.SqlScriptsTestExecutionListener : Executing SQL scripts: [class path resource [insert-test.sql]]
Hibernate: select c1_0.id,c1_0.body,c1_0.email,c1_0.name,c1_0.post_id from comments c1_0 left join posts p1_0 on p1_0.id=c1_0.post_id where p1_0.id=?
2024-02-07T17:47:50.613+01:00 DEBUG 25672 --- [           main] .s.t.c.j.SqlScriptsTestExecutionListener : Processing merged @SqlConfig attributes for execution phase [AFTER_TEST_METHOD] and test class [com.springboot.blog.repository.CommentRepositoryTest]
2024-02-07T17:47:50.613+01:00 DEBUG 25672 --- [           main] .s.t.c.j.SqlScriptsTestExecutionListener : Executing SQL scripts: [class path resource [delete-test.sql]]
]]></system-out>
  </testcase>
</testsuite>